<?xml version="1.0" encoding="UTF-8"?>
<testsuite xmlns:xsi="http://www.w3.org/2001/XMLSchema-instance" xsi:schemaLocation="https://maven.apache.org/surefire/maven-surefire-plugin/xsd/surefire-test-report.xsd" name="com.sg.flooringmastery.dao.FlooringProductDaoFileImplTest" time="0.038" tests="2" errors="0" skipped="0" failures="0">
  <properties>
[...]
</properties>
  <testcase name="testGetCosts" classname="com.sg.flooringmastery.dao.FlooringProductDaoFileImplTest" time="0.032"/>
  <testcase name="testGetInfo" classname="com.sg.flooringmastery.dao.FlooringProductDaoFileImplTest" time="0.001"/>
</testsuite>